<?xml version="1.0" encoding="UTF-8"?>
<testng-results ignored="0" total="2" passed="2" failed="0" skipped="0">
  <reporter-output>
  </reporter-output>
  <suite started-at="2023-10-11T16:52:23 IST" name="MyntraSuite" finished-at="2023-10-11T16:52:40 IST" duration-ms="16796">
    <groups>
    </groups>
    <test started-at="2023-10-11T16:52:23 IST" name="Regression" finished-at="2023-10-11T16:52:40 IST" duration-ms="16796">
      <class name="parallelExecution.googleParallelExecution">
        <test-method signature="lunchFacebook()[pri:0, instance:parallelExecution.googleParallelExecution@55183b20]" started-at="2023-10-11T16:52:23 IST" name="lunchFacebook" finished-at="2023-10-11T16:52:40 IST" duration-ms="16736" status="PASS">
          <reporter-output>
          </reporter-output>
        </test-method> <!-- lunchFacebook -->
        <test-method signature="lunchgoogle()[pri:0, instance:parallelExecution.googleParallelExecution@55183b20]" started-at="2023-10-11T16:52:23 IST" name="lunchgoogle" finished-at="2023-10-11T16:52:35 IST" duration-ms="12001" status="PASS">
          <reporter-output>
          </reporter-output>
        </test-method> <!-- lunchgoogle -->
      </class> <!-- parallelExecution.googleParallelExecution -->
    </test> <!-- Regression -->
  </suite> <!-- MyntraSuite -->
</testng-results>
